"C:/Users/dschrag/Documents/Unreal Projects/KillerPlatform-master/SIGGD_Platformer.uproject" 1
"../../../Engine/Plugins/Developer/BlankPlugin/BlankPlugin.uplugin" 2
"../../../Engine/Plugins/Developer/PerforceSourceControl/PerforceSourceControl.uplugin" 3
"../../../Engine/Plugins/Developer/SubversionSourceControl/SubversionSourceControl.uplugin" 4
"../../../Engine/Plugins/Developer/UObjectPlugin/UObjectPlugin.uplugin" 5
"../../../Engine/Plugins/Developer/VisualStudioSourceCodeAccess/VisualStudioSourceCodeAccess.uplugin" 6
"../../../Engine/Plugins/Developer/XCodeSourceCodeAccess/XCodeSourceCodeAccess.uplugin" 7
"../../../Engine/Plugins/Editor/EpicSurvey/EpicSurvey.uplugin" 8
"../../../Engine/Plugins/Editor/PluginsEditor/PluginsEditor.uplugin" 9
"../../../Engine/Plugins/Editor/SpeedTreeImporter/SpeedTreeImporter.uplugin" 10
"../../../Engine/Plugins/Experimental/BlueprintStats/BlueprintStats.uplugin" 11
"../../../Engine/Plugins/Experimental/CodeView/CodeView.uplugin" 12
"../../../Engine/Plugins/Experimental/LiveEditor/LiveEditor.uplugin" 13
"../../../Engine/Plugins/Experimental/Paper2D/Paper2D.uplugin" 14
"../../../Engine/Plugins/Experimental/Phya/Phya.uplugin" 15
"../../../Engine/Plugins/Messaging/MessagingDebugger/MessagingDebugger.uplugin" 16
"../../../Engine/Plugins/Messaging/UdpMessaging/UdpMessaging.uplugin" 17
"../../../Engine/Plugins/OculusRift/OculusRift.uplugin" 18
"../../../Engine/Plugins/Runtime/Advertising/IOSTapJoy/IOSTapJoy.uplugin" 19
"../../../Engine/Plugins/Runtime/AndroidDeviceProfileSelector/AndroidDeviceProfileSelector.uplugin" 20
"../../../Engine/Plugins/Runtime/AppleMoviePlayer/AppleMoviePlayer.uplugin" 21
"../../../Engine/Plugins/Runtime/CableComponent/CableComponent.uplugin" 22
"../../../Engine/Plugins/Runtime/CustomMeshComponent/CustomMeshComponent.uplugin" 23
"../../../Engine/Plugins/Runtime/ExampleDeviceProfileSelector/ExampleDeviceProfileSelector.uplugin" 24
"../../../Engine/Plugins/Runtime/IOSDeviceProfileSelector/IOSDeviceProfileSelector.uplugin" 25
"../../../Engine/Plugins/Runtime/LiveEditorListenServer/LiveEditorListenServer.uplugin" 26
"../../../Engine/Plugins/Runtime/SoundMod/SoundMod.uplugin" 27
"../../../Engine/Plugins/Runtime/SoundVisualizations/SoundVisualizations.uplugin" 28
"../../../Engine/Plugins/Runtime/TwitchLiveStreaming/TwitchLiveStreaming.uplugin" 29
"../../../Engine/Plugins/Runtime/WindowsDeviceProfileSelector/WindowsDeviceProfileSelector.uplugin" 30
"../../../Engine/Plugins/Runtime/WindowsMoviePlayer/WindowsMoviePlayer.uplugin" 31
"../../../Engine/Plugins/Script/ScriptEditorPlugin/ScriptEditorPlugin.uplugin" 32
"../../../Engine/Plugins/Script/ScriptGeneratorPlugin/ScriptGeneratorPlugin.uplugin" 33
"../../../Engine/Plugins/Script/ScriptPlugin/ScriptPlugin.uplugin" 34
"../../../Engine/Plugins/Slate/SlateRemote/SlateRemote.uplugin" 35
"..\..\..\Engine\Content\Localization\ICU\icudt53l\cnvalias.icu" 36
"..\..\..\Engine\Content\Localization\ICU\icudt53l\res_index.res" 37
"..\..\..\Engine\Content\Localization\ICU\icudt53l\coll\ucadata.icu" 38
"..\..\..\Engine\Content\Localization\ICU\icudt53l\nfc.nrm" 39
"..\..\..\Engine\Content\Localization\ICU\icudt53l\coll\de.res" 40
"..\..\..\Engine\Content\Localization\ICU\icudt53l\coll\root.res" 41
"..\..\..\Engine\Content\Localization\ICU\icudt53l\de.res" 42
"..\..\..\Engine\Content\Localization\ICU\icudt53l\pool.res" 43
"..\..\..\Engine\Content\Localization\ICU\icudt53l\root.res" 44
"..\..\..\Engine\Content\Localization\ICU\icudt53l\numberingSystems.res" 45
"..\..\..\Engine\Content\Localization\ICU\icudt53l\curr\supplementalData.res" 46
"..\..\..\Engine\Content\Localization\ICU\icudt53l\curr\pool.res" 47
"..\..\..\Engine\Content\Localization\ICU\icudt53l\curr\de.res" 48
"..\..\..\Engine\Content\Localization\ICU\icudt53l\curr\root.res" 49
"..\..\..\Engine\Content\Localization\ICU\icudt53l\en_US.res" 50
"..\..\..\Engine\Content\Localization\ICU\icudt53l\en.res" 51
"..\..\..\Engine\Content\Localization\ICU\icudt53l\plurals.res" 52
"..\..\..\Engine\Content\Localization\ICU\icudt53l\windowsZones.res" 53
"..\..\..\Engine\Content\Localization\ICU\icudt53l\zoneinfo64.res" 54
"..\..\..\Engine\Content\Localization\ICU\icudt53l\keyTypeData.res" 55
"..\..\..\Engine\Content\Localization\ICU\icudt53l\timezoneTypes.res" 56
"..\..\..\Engine\Content\Localization\ICU\icudt53l\likelySubtags.res" 57
"..\..\..\Engine\Content\Localization\ICU\icudt53l\supplementalData.res" 58
"..\..\..\Engine\Content\Localization\ICU\icudt53l\de_DE.res" 59
"..\..\..\Engine\Content\Localization\ICU\icudt53l\de_AT.res" 60
"..\..\..\Engine\Content\Localization\ICU\icudt53l\de_BE.res" 61
"..\..\..\Engine\Content\Localization\ICU\icudt53l\de_CH.res" 62
"..\..\..\Engine\Content\Localization\ICU\icudt53l\curr\de_CH.res" 63
"..\..\..\Engine\Content\Localization\ICU\icudt53l\de_LI.res" 64
"..\..\..\Engine\Content\Localization\ICU\icudt53l\de_LU.res" 65
"..\..\..\Engine\Content\Localization\ICU\icudt53l\curr\de_LU.res" 66
"..\..\..\Engine\Content\Localization\ICU\icudt53l\coll\en.res" 67
"..\..\..\Engine\Content\Localization\ICU\icudt53l\curr\en.res" 68
"..\..\..\Engine\Content\Localization\ICU\icudt53l\en_001.res" 69
"..\..\..\Engine\Content\Localization\ICU\icudt53l\curr\en_001.res" 70
"..\..\..\Engine\Content\Localization\ICU\icudt53l\en_150.res" 71
"..\..\..\Engine\Content\Localization\ICU\icudt53l\en_GB.res" 72
"..\..\..\Engine\Content\Localization\ICU\icudt53l\curr\en_150.res" 73
"..\..\..\Engine\Content\Localization\ICU\icudt53l\curr\en_GB.res" 74
"..\..\..\Engine\Content\Localization\ICU\icudt53l\en_AG.res" 75
"..\..\..\Engine\Content\Localization\ICU\icudt53l\curr\en_AG.res" 76
"..\..\..\Engine\Content\Localization\ICU\icudt53l\en_AI.res" 77
"..\..\..\Engine\Content\Localization\ICU\icudt53l\curr\en_AI.res" 78
"..\..\..\Engine\Content\Localization\ICU\icudt53l\en_AS.res" 79
"..\..\..\Engine\Content\Localization\ICU\icudt53l\en_AU.res" 80
"..\..\..\Engine\Content\Localization\ICU\icudt53l\curr\en_AU.res" 81
"..\..\..\Engine\Content\Localization\ICU\icudt53l\en_BB.res" 82
"..\..\..\Engine\Content\Localization\ICU\icudt53l\curr\en_BB.res" 83
"..\..\..\Engine\Content\Localization\ICU\icudt53l\en_BE.res" 84
"..\..\..\Engine\Content\Localization\ICU\icudt53l\curr\en_BE.res" 85
"..\..\..\Engine\Content\Localization\ICU\icudt53l\en_BM.res" 86
"..\..\..\Engine\Content\Localization\ICU\icudt53l\curr\en_BM.res" 87
"..\..\..\Engine\Content\Localization\ICU\icudt53l\en_BS.res" 88
"..\..\..\Engine\Content\Localization\ICU\icudt53l\curr\en_BS.res" 89
"..\..\..\Engine\Content\Localization\ICU\icudt53l\en_BW.res" 90
"..\..\..\Engine\Content\Localization\ICU\icudt53l\curr\en_BW.res" 91
"..\..\..\Engine\Content\Localization\ICU\icudt53l\en_BZ.res" 92
"..\..\..\Engine\Content\Localization\ICU\icudt53l\curr\en_BZ.res" 93
"..\..\..\Engine\Content\Localization\ICU\icudt53l\en_CA.res" 94
"..\..\..\Engine\Content\Localization\ICU\icudt53l\curr\en_CA.res" 95
"..\..\..\Engine\Content\Localization\ICU\icudt53l\en_CC.res" 96
"..\..\..\Engine\Content\Localization\ICU\icudt53l\curr\en_CC.res" 97
"..\..\..\Engine\Content\Localization\ICU\icudt53l\en_CK.res" 98
"..\..\..\Engine\Content\Localization\ICU\icudt53l\curr\en_CK.res" 99
"..\..\..\Engine\Content\Localization\ICU\icudt53l\en_CM.res" 100
"..\..\..\Engine\Content\Localization\ICU\icudt53l\curr\en_CM.res" 101
"..\..\..\Engine\Content\Localization\ICU\icudt53l\en_CX.res" 102
"..\..\..\Engine\Content\Localization\ICU\icudt53l\curr\en_CX.res" 103
"..\..\..\Engine\Content\Localization\ICU\icudt53l\en_DG.res" 104
"..\..\..\Engine\Content\Localization\ICU\icudt53l\curr\en_DG.res" 105
"..\..\..\Engine\Content\Localization\ICU\icudt53l\en_DM.res" 106
"..\..\..\Engine\Content\Localization\ICU\icudt53l\curr\en_DM.res" 107
"..\..\..\Engine\Content\Localization\ICU\icudt53l\en_ER.res" 108
"..\..\..\Engine\Content\Localization\ICU\icudt53l\curr\en_ER.res" 109
"..\..\..\Engine\Content\Localization\ICU\icudt53l\en_FJ.res" 110
"..\..\..\Engine\Content\Localization\ICU\icudt53l\curr\en_FJ.res" 111
"..\..\..\Engine\Content\Localization\ICU\icudt53l\en_FK.res" 112
"..\..\..\Engine\Content\Localization\ICU\icudt53l\curr\en_FK.res" 113
"..\..\..\Engine\Content\Localization\ICU\icudt53l\en_FM.res" 114
"..\..\..\Engine\Content\Localization\ICU\icudt53l\curr\en_FM.res" 115
"..\..\..\Engine\Content\Localization\ICU\icudt53l\en_GD.res" 116
"..\..\..\Engine\Content\Localization\ICU\icudt53l\curr\en_GD.res" 117
"..\..\..\Engine\Content\Localization\ICU\icudt53l\en_GG.res" 118
"..\..\..\Engine\Content\Localization\ICU\icudt53l\curr\en_GG.res" 119
"..\..\..\Engine\Content\Localization\ICU\icudt53l\en_GH.res" 120
"..\..\..\Engine\Content\Localization\ICU\icudt53l\curr\en_GH.res" 121
"..\..\..\Engine\Content\Localization\ICU\icudt53l\en_GI.res" 122
"..\..\..\Engine\Content\Localization\ICU\icudt53l\curr\en_GI.res" 123
"..\..\..\Engine\Content\Localization\ICU\icudt53l\en_GM.res" 124
"..\..\..\Engine\Content\Localization\ICU\icudt53l\curr\en_GM.res" 125
"..\..\..\Engine\Content\Localization\ICU\icudt53l\en_GU.res" 126
"..\..\..\Engine\Content\Localization\ICU\icudt53l\en_GY.res" 127
"..\..\..\Engine\Content\Localization\ICU\icudt53l\curr\en_GY.res" 128
"..\..\..\Engine\Content\Localization\ICU\icudt53l\en_HK.res" 129
"..\..\..\Engine\Content\Localization\ICU\icudt53l\curr\en_HK.res" 130
"..\..\..\Engine\Content\Localization\ICU\icudt53l\en_IE.res" 131
"..\..\..\Engine\Content\Localization\ICU\icudt53l\curr\en_IE.res" 132
"..\..\..\Engine\Content\Localization\ICU\icudt53l\en_IM.res" 133
"..\..\..\Engine\Content\Localization\ICU\icudt53l\curr\en_IM.res" 134
"..\..\..\Engine\Content\Localization\ICU\icudt53l\en_IN.res" 135
"..\..\..\Engine\Content\Localization\ICU\icudt53l\curr\en_IN.res" 136
"..\..\..\Engine\Content\Localization\ICU\icudt53l\en_IO.res" 137
"..\..\..\Engine\Content\Localization\ICU\icudt53l\curr\en_IO.res" 138
"..\..\..\Engine\Content\Localization\ICU\icudt53l\en_JE.res" 139
"..\..\..\Engine\Content\Localization\ICU\icudt53l\curr\en_JE.res" 140
"..\..\..\Engine\Content\Localization\ICU\icudt53l\en_JM.res" 141
"..\..\..\Engine\Content\Localization\ICU\icudt53l\curr\en_JM.res" 142
"..\..\..\Engine\Content\Localization\ICU\icudt53l\en_KE.res" 143
"..\..\..\Engine\Content\Localization\ICU\icudt53l\curr\en_KE.res" 144
"..\..\..\Engine\Content\Localization\ICU\icudt53l\en_KI.res" 145
"..\..\..\Engine\Content\Localization\ICU\icudt53l\curr\en_KI.res" 146
"..\..\..\Engine\Content\Localization\ICU\icudt53l\en_KN.res" 147
"..\..\..\Engine\Content\Localization\ICU\icudt53l\curr\en_KN.res" 148
"..\..\..\Engine\Content\Localization\ICU\icudt53l\en_KY.res" 149
"..\..\..\Engine\Content\Localization\ICU\icudt53l\curr\en_KY.res" 150
"..\..\..\Engine\Content\Localization\ICU\icudt53l\en_LC.res" 151
"..\..\..\Engine\Content\Localization\ICU\icudt53l\curr\en_LC.res" 152
"..\..\..\Engine\Content\Localization\ICU\icudt53l\en_LR.res" 153
"..\..\..\Engine\Content\Localization\ICU\icudt53l\curr\en_LR.res" 154
"..\..\..\Engine\Content\Localization\ICU\icudt53l\en_LS.res" 155
"..\..\..\Engine\Content\Localization\ICU\icudt53l\curr\en_LS.res" 156
"..\..\..\Engine\Content\Localization\ICU\icudt53l\en_MG.res" 157
"..\..\..\Engine\Content\Localization\ICU\icudt53l\curr\en_MG.res" 158
"..\..\..\Engine\Content\Localization\ICU\icudt53l\en_MH.res" 159
"..\..\..\Engine\Content\Localization\ICU\icudt53l\en_MO.res" 160
"..\..\..\Engine\Content\Localization\ICU\icudt53l\curr\en_MO.res" 161
"..\..\..\Engine\Content\Localization\ICU\icudt53l\en_MP.res" 162
"..\..\..\Engine\Content\Localization\ICU\icudt53l\en_MS.res" 163
"..\..\..\Engine\Content\Localization\ICU\icudt53l\curr\en_MS.res" 164
"..\..\..\Engine\Content\Localization\ICU\icudt53l\en_MT.res" 165
"..\..\..\Engine\Content\Localization\ICU\icudt53l\curr\en_MT.res" 166
"..\..\..\Engine\Content\Localization\ICU\icudt53l\en_MU.res" 167
"..\..\..\Engine\Content\Localization\ICU\icudt53l\curr\en_MU.res" 168
"..\..\..\Engine\Content\Localization\ICU\icudt53l\en_MW.res" 169
"..\..\..\Engine\Content\Localization\ICU\icudt53l\curr\en_MW.res" 170
"..\..\..\Engine\Content\Localization\ICU\icudt53l\en_NA.res" 171
"..\..\..\Engine\Content\Localization\ICU\icudt53l\curr\en_NA.res" 172
"..\..\..\Engine\Content\Localization\ICU\icudt53l\en_NF.res" 173
"..\..\..\Engine\Content\Localization\ICU\icudt53l\curr\en_NF.res" 174
"..\..\..\Engine\Content\Localization\ICU\icudt53l\en_NG.res" 175
"..\..\..\Engine\Content\Localization\ICU\icudt53l\curr\en_NG.res" 176
"..\..\..\Engine\Content\Localization\ICU\icudt53l\en_NR.res" 177
"..\..\..\Engine\Content\Localization\ICU\icudt53l\curr\en_NR.res" 178
"..\..\..\Engine\Content\Localization\ICU\icudt53l\en_NU.res" 179
"..\..\..\Engine\Content\Localization\ICU\icudt53l\curr\en_NU.res" 180
"..\..\..\Engine\Content\Localization\ICU\icudt53l\en_NZ.res" 181
"..\..\..\Engine\Content\Localization\ICU\icudt53l\curr\en_NZ.res" 182
"..\..\..\Engine\Content\Localization\ICU\icudt53l\en_PG.res" 183
"..\..\..\Engine\Content\Localization\ICU\icudt53l\curr\en_PG.res" 184
"..\..\..\Engine\Content\Localization\ICU\icudt53l\en_PH.res" 185
"..\..\..\Engine\Content\Localization\ICU\icudt53l\curr\en_PH.res" 186
"..\..\..\Engine\Content\Localization\ICU\icudt53l\en_PK.res" 187
"..\..\..\Engine\Content\Localization\ICU\icudt53l\curr\en_PK.res" 188
"..\..\..\Engine\Content\Localization\ICU\icudt53l\en_PN.res" 189
"..\..\..\Engine\Content\Localization\ICU\icudt53l\curr\en_PN.res" 190
"..\..\..\Engine\Content\Localization\ICU\icudt53l\en_PR.res" 191
"..\..\..\Engine\Content\Localization\ICU\icudt53l\en_PW.res" 192
"..\..\..\Engine\Content\Localization\ICU\icudt53l\curr\en_PW.res" 193
"..\..\..\Engine\Content\Localization\ICU\icudt53l\en_RW.res" 194
"..\..\..\Engine\Content\Localization\ICU\icudt53l\curr\en_RW.res" 195
"..\..\..\Engine\Content\Localization\ICU\icudt53l\en_SB.res" 196
"..\..\..\Engine\Content\Localization\ICU\icudt53l\curr\en_SB.res" 197
"..\..\..\Engine\Content\Localization\ICU\icudt53l\en_SC.res" 198
"..\..\..\Engine\Content\Localization\ICU\icudt53l\curr\en_SC.res" 199
"..\..\..\Engine\Content\Localization\ICU\icudt53l\en_SD.res" 200
"..\..\..\Engine\Content\Localization\ICU\icudt53l\curr\en_SD.res" 201
"..\..\..\Engine\Content\Localization\ICU\icudt53l\en_SG.res" 202
"..\..\..\Engine\Content\Localization\ICU\icudt53l\curr\en_SG.res" 203
"..\..\..\Engine\Content\Localization\ICU\icudt53l\en_SH.res" 204
"..\..\..\Engine\Content\Localization\ICU\icudt53l\curr\en_SH.res" 205
"..\..\..\Engine\Content\Localization\ICU\icudt53l\en_SL.res" 206
"..\..\..\Engine\Content\Localization\ICU\icudt53l\curr\en_SL.res" 207
"..\..\..\Engine\Content\Localization\ICU\icudt53l\en_SS.res" 208
"..\..\..\Engine\Content\Localization\ICU\icudt53l\curr\en_SS.res" 209
"..\..\..\Engine\Content\Localization\ICU\icudt53l\en_SX.res" 210
"..\..\..\Engine\Content\Localization\ICU\icudt53l\curr\en_SX.res" 211
"..\..\..\Engine\Content\Localization\ICU\icudt53l\en_SZ.res" 212
"..\..\..\Engine\Content\Localization\ICU\icudt53l\curr\en_SZ.res" 213
"..\..\..\Engine\Content\Localization\ICU\icudt53l\en_TC.res" 214
"..\..\..\Engine\Content\Localization\ICU\icudt53l\curr\en_TC.res" 215
"..\..\..\Engine\Content\Localization\ICU\icudt53l\en_TK.res" 216
"..\..\..\Engine\Content\Localization\ICU\icudt53l\curr\en_TK.res" 217
"..\..\..\Engine\Content\Localization\ICU\icudt53l\en_TO.res" 218
"..\..\..\Engine\Content\Localization\ICU\icudt53l\curr\en_TO.res" 219
"..\..\..\Engine\Content\Localization\ICU\icudt53l\en_TT.res" 220
"..\..\..\Engine\Content\Localization\ICU\icudt53l\curr\en_TT.res" 221
"..\..\..\Engine\Content\Localization\ICU\icudt53l\en_TV.res" 222
"..\..\..\Engine\Content\Localization\ICU\icudt53l\curr\en_TV.res" 223
"..\..\..\Engine\Content\Localization\ICU\icudt53l\en_TZ.res" 224
"..\..\..\Engine\Content\Localization\ICU\icudt53l\curr\en_TZ.res" 225
"..\..\..\Engine\Content\Localization\ICU\icudt53l\en_UG.res" 226
"..\..\..\Engine\Content\Localization\ICU\icudt53l\curr\en_UG.res" 227
"..\..\..\Engine\Content\Localization\ICU\icudt53l\en_UM.res" 228
"..\..\..\Engine\Content\Localization\ICU\icudt53l\coll\en_US.res" 229
"..\..\..\Engine\Content\Localization\ICU\icudt53l\coll\en_US_POSIX.res" 230
"..\..\..\Engine\Content\Localization\ICU\icudt53l\en_US_POSIX.res" 231
"..\..\..\Engine\Content\Localization\ICU\icudt53l\en_VC.res" 232
"..\..\..\Engine\Content\Localization\ICU\icudt53l\curr\en_VC.res" 233
"..\..\..\Engine\Content\Localization\ICU\icudt53l\en_VG.res" 234
"..\..\..\Engine\Content\Localization\ICU\icudt53l\curr\en_VG.res" 235
"..\..\..\Engine\Content\Localization\ICU\icudt53l\en_VI.res" 236
"..\..\..\Engine\Content\Localization\ICU\icudt53l\en_VU.res" 237
"..\..\..\Engine\Content\Localization\ICU\icudt53l\curr\en_VU.res" 238
"..\..\..\Engine\Content\Localization\ICU\icudt53l\en_WS.res" 239
"..\..\..\Engine\Content\Localization\ICU\icudt53l\curr\en_WS.res" 240
"..\..\..\Engine\Content\Localization\ICU\icudt53l\en_ZA.res" 241
"..\..\..\Engine\Content\Localization\ICU\icudt53l\curr\en_ZA.res" 242
"..\..\..\Engine\Content\Localization\ICU\icudt53l\en_ZM.res" 243
"..\..\..\Engine\Content\Localization\ICU\icudt53l\curr\en_ZM.res" 244
"..\..\..\Engine\Content\Localization\ICU\icudt53l\en_ZW.res" 245
"..\..\..\Engine\Content\Localization\ICU\icudt53l\curr\en_ZW.res" 246
"..\..\..\Engine\Content\Localization\ICU\icudt53l\coll\es.res" 247
"..\..\..\Engine\Content\Localization\ICU\icudt53l\es.res" 248
"..\..\..\Engine\Content\Localization\ICU\icudt53l\curr\es.res" 249
"..\..\..\Engine\Content\Localization\ICU\icudt53l\es_ES.res" 250
"..\..\..\Engine\Content\Localization\ICU\icudt53l\es_419.res" 251
"..\..\..\Engine\Content\Localization\ICU\icudt53l\es_AR.res" 252
"..\..\..\Engine\Content\Localization\ICU\icudt53l\curr\es_AR.res" 253
"..\..\..\Engine\Content\Localization\ICU\icudt53l\es_BO.res" 254
"..\..\..\Engine\Content\Localization\ICU\icudt53l\curr\es_BO.res" 255
"..\..\..\Engine\Content\Localization\ICU\icudt53l\es_CL.res" 256
"..\..\..\Engine\Content\Localization\ICU\icudt53l\curr\es_CL.res" 257
"..\..\..\Engine\Content\Localization\ICU\icudt53l\es_CO.res" 258
"..\..\..\Engine\Content\Localization\ICU\icudt53l\curr\es_CO.res" 259
"..\..\..\Engine\Content\Localization\ICU\icudt53l\es_CR.res" 260
"..\..\..\Engine\Content\Localization\ICU\icudt53l\curr\es_CR.res" 261
"..\..\..\Engine\Content\Localization\ICU\icudt53l\es_CU.res" 262
"..\..\..\Engine\Content\Localization\ICU\icudt53l\curr\es_CU.res" 263
"..\..\..\Engine\Content\Localization\ICU\icudt53l\es_DO.res" 264
"..\..\..\Engine\Content\Localization\ICU\icudt53l\curr\es_DO.res" 265
"..\..\..\Engine\Content\Localization\ICU\icudt53l\es_EA.res" 266
"..\..\..\Engine\Content\Localization\ICU\icudt53l\es_EC.res" 267
"..\..\..\Engine\Content\Localization\ICU\icudt53l\curr\es_EC.res" 268
"..\..\..\Engine\Content\Localization\ICU\icudt53l\es_GQ.res" 269
"..\..\..\Engine\Content\Localization\ICU\icudt53l\es_GT.res" 270
"..\..\..\Engine\Content\Localization\ICU\icudt53l\curr\es_GT.res" 271
"..\..\..\Engine\Content\Localization\ICU\icudt53l\es_HN.res" 272
"..\..\..\Engine\Content\Localization\ICU\icudt53l\curr\es_HN.res" 273
"..\..\..\Engine\Content\Localization\ICU\icudt53l\es_IC.res" 274
"..\..\..\Engine\Content\Localization\ICU\icudt53l\es_MX.res" 275
"..\..\..\Engine\Content\Localization\ICU\icudt53l\curr\es_MX.res" 276
"..\..\..\Engine\Content\Localization\ICU\icudt53l\es_NI.res" 277
"..\..\..\Engine\Content\Localization\ICU\icudt53l\curr\es_NI.res" 278
"..\..\..\Engine\Content\Localization\ICU\icudt53l\es_PA.res" 279
"..\..\..\Engine\Content\Localization\ICU\icudt53l\curr\es_PA.res" 280
"..\..\..\Engine\Content\Localization\ICU\icudt53l\es_PE.res" 281
"..\..\..\Engine\Content\Localization\ICU\icudt53l\curr\es_PE.res" 282
"..\..\..\Engine\Content\Localization\ICU\icudt53l\es_PH.res" 283
"..\..\..\Engine\Content\Localization\ICU\icudt53l\curr\es_PH.res" 284
"..\..\..\Engine\Content\Localization\ICU\icudt53l\es_PR.res" 285
"..\..\..\Engine\Content\Localization\ICU\icudt53l\curr\es_PR.res" 286
"..\..\..\Engine\Content\Localization\ICU\icudt53l\es_PY.res" 287
"..\..\..\Engine\Content\Localization\ICU\icudt53l\curr\es_PY.res" 288
"..\..\..\Engine\Content\Localization\ICU\icudt53l\es_SV.res" 289
"..\..\..\Engine\Content\Localization\ICU\icudt53l\curr\es_SV.res" 290
"..\..\..\Engine\Content\Localization\ICU\icudt53l\es_US.res" 291
"..\..\..\Engine\Content\Localization\ICU\icudt53l\curr\es_US.res" 292
"..\..\..\Engine\Content\Localization\ICU\icudt53l\es_UY.res" 293
"..\..\..\Engine\Content\Localization\ICU\icudt53l\curr\es_UY.res" 294
"..\..\..\Engine\Content\Localization\ICU\icudt53l\es_VE.res" 295
"..\..\..\Engine\Content\Localization\ICU\icudt53l\curr\es_VE.res" 296
"..\..\..\Engine\Content\Localization\ICU\icudt53l\coll\fr.res" 297
"..\..\..\Engine\Content\Localization\ICU\icudt53l\fr.res" 298
"..\..\..\Engine\Content\Localization\ICU\icudt53l\curr\fr.res" 299
"..\..\..\Engine\Content\Localization\ICU\icudt53l\fr_FR.res" 300
"..\..\..\Engine\Content\Localization\ICU\icudt53l\fr_BE.res" 301
"..\..\..\Engine\Content\Localization\ICU\icudt53l\fr_BF.res" 302
"..\..\..\Engine\Content\Localization\ICU\icudt53l\fr_BI.res" 303
"..\..\..\Engine\Content\Localization\ICU\icudt53l\curr\fr_BI.res" 304
"..\..\..\Engine\Content\Localization\ICU\icudt53l\fr_BJ.res" 305
"..\..\..\Engine\Content\Localization\ICU\icudt53l\fr_BL.res" 306
"..\..\..\Engine\Content\Localization\ICU\icudt53l\coll\fr_CA.res" 307
"..\..\..\Engine\Content\Localization\ICU\icudt53l\fr_CA.res" 308
"..\..\..\Engine\Content\Localization\ICU\icudt53l\curr\fr_CA.res" 309
"..\..\..\Engine\Content\Localization\ICU\icudt53l\fr_CD.res" 310
"..\..\..\Engine\Content\Localization\ICU\icudt53l\curr\fr_CD.res" 311
"..\..\..\Engine\Content\Localization\ICU\icudt53l\fr_CF.res" 312
"..\..\..\Engine\Content\Localization\ICU\icudt53l\fr_CG.res" 313
"..\..\..\Engine\Content\Localization\ICU\icudt53l\fr_CH.res" 314
"..\..\..\Engine\Content\Localization\ICU\icudt53l\curr\fr_CH.res" 315
"..\..\..\Engine\Content\Localization\ICU\icudt53l\fr_CI.res" 316
"..\..\..\Engine\Content\Localization\ICU\icudt53l\fr_CM.res" 317
"..\..\..\Engine\Content\Localization\ICU\icudt53l\fr_DJ.res" 318
"..\..\..\Engine\Content\Localization\ICU\icudt53l\curr\fr_DJ.res" 319
"..\..\..\Engine\Content\Localization\ICU\icudt53l\fr_DZ.res" 320
"..\..\..\Engine\Content\Localization\ICU\icudt53l\curr\fr_DZ.res" 321
"..\..\..\Engine\Content\Localization\ICU\icudt53l\fr_GA.res" 322
"..\..\..\Engine\Content\Localization\ICU\icudt53l\fr_GF.res" 323
"..\..\..\Engine\Content\Localization\ICU\icudt53l\fr_GN.res" 324
"..\..\..\Engine\Content\Localization\ICU\icudt53l\curr\fr_GN.res" 325
"..\..\..\Engine\Content\Localization\ICU\icudt53l\fr_GP.res" 326
"..\..\..\Engine\Content\Localization\ICU\icudt53l\fr_GQ.res" 327
"..\..\..\Engine\Content\Localization\ICU\icudt53l\fr_HT.res" 328
"..\..\..\Engine\Content\Localization\ICU\icudt53l\curr\fr_HT.res" 329
"..\..\..\Engine\Content\Localization\ICU\icudt53l\fr_KM.res" 330
"..\..\..\Engine\Content\Localization\ICU\icudt53l\curr\fr_KM.res" 331
"..\..\..\Engine\Content\Localization\ICU\icudt53l\fr_LU.res" 332
"..\..\..\Engine\Content\Localization\ICU\icudt53l\curr\fr_LU.res" 333
"..\..\..\Engine\Content\Localization\ICU\icudt53l\fr_MA.res" 334
"..\..\..\Engine\Content\Localization\ICU\icudt53l\fr_MC.res" 335
"..\..\..\Engine\Content\Localization\ICU\icudt53l\fr_MF.res" 336
"..\..\..\Engine\Content\Localization\ICU\icudt53l\fr_MG.res" 337
"..\..\..\Engine\Content\Localization\ICU\icudt53l\curr\fr_MG.res" 338
"..\..\..\Engine\Content\Localization\ICU\icudt53l\fr_ML.res" 339
"..\..\..\Engine\Content\Localization\ICU\icudt53l\fr_MQ.res" 340
"..\..\..\Engine\Content\Localization\ICU\icudt53l\fr_MR.res" 341
"..\..\..\Engine\Content\Localization\ICU\icudt53l\curr\fr_MR.res" 342
"..\..\..\Engine\Content\Localization\ICU\icudt53l\fr_MU.res" 343
"..\..\..\Engine\Content\Localization\ICU\icudt53l\curr\fr_MU.res" 344
"..\..\..\Engine\Content\Localization\ICU\icudt53l\fr_NC.res" 345
"..\..\..\Engine\Content\Localization\ICU\icudt53l\fr_NE.res" 346
"..\..\..\Engine\Content\Localization\ICU\icudt53l\fr_PF.res" 347
"..\..\..\Engine\Content\Localization\ICU\icudt53l\fr_PM.res" 348
"..\..\..\Engine\Content\Localization\ICU\icudt53l\fr_RE.res" 349
"..\..\..\Engine\Content\Localization\ICU\icudt53l\fr_RW.res" 350
"..\..\..\Engine\Content\Localization\ICU\icudt53l\curr\fr_RW.res" 351
"..\..\..\Engine\Content\Localization\ICU\icudt53l\fr_SC.res" 352
"..\..\..\Engine\Content\Localization\ICU\icudt53l\curr\fr_SC.res" 353
"..\..\..\Engine\Content\Localization\ICU\icudt53l\fr_SN.res" 354
"..\..\..\Engine\Content\Localization\ICU\icudt53l\fr_SY.res" 355
"..\..\..\Engine\Content\Localization\ICU\icudt53l\curr\fr_SY.res" 356
"..\..\..\Engine\Content\Localization\ICU\icudt53l\fr_TD.res" 357
"..\..\..\Engine\Content\Localization\ICU\icudt53l\fr_TG.res" 358
"..\..\..\Engine\Content\Localization\ICU\icudt53l\fr_TN.res" 359
"..\..\..\Engine\Content\Localization\ICU\icudt53l\curr\fr_TN.res" 360
"..\..\..\Engine\Content\Localization\ICU\icudt53l\fr_VU.res" 361
"..\..\..\Engine\Content\Localization\ICU\icudt53l\curr\fr_VU.res" 362
"..\..\..\Engine\Content\Localization\ICU\icudt53l\fr_WF.res" 363
"..\..\..\Engine\Content\Localization\ICU\icudt53l\fr_YT.res" 364
"..\..\..\Engine\Content\Localization\ICU\icudt53l\coll\hi.res" 365
"..\..\..\Engine\Content\Localization\ICU\icudt53l\hi.res" 366
"..\..\..\Engine\Content\Localization\ICU\icudt53l\curr\hi.res" 367
"..\..\..\Engine\Content\Localization\ICU\icudt53l\hi_IN.res" 368
"..\..\..\Engine\Content\Localization\ICU\icudt53l\coll\it.res" 369
"..\..\..\Engine\Content\Localization\ICU\icudt53l\it.res" 370
"..\..\..\Engine\Content\Localization\ICU\icudt53l\curr\it.res" 371
"..\..\..\Engine\Content\Localization\ICU\icudt53l\it_IT.res" 372
"..\..\..\Engine\Content\Localization\ICU\icudt53l\it_CH.res" 373
"..\..\..\Engine\Content\Localization\ICU\icudt53l\curr\it_CH.res" 374
"..\..\..\Engine\Content\Localization\ICU\icudt53l\it_SM.res" 375
"..\..\..\Engine\Content\Localization\ICU\icudt53l\coll\ja.res" 376
"..\..\..\Engine\Content\Localization\ICU\icudt53l\ja.res" 377
"..\..\..\Engine\Content\Localization\ICU\icudt53l\curr\ja.res" 378
"..\..\..\Engine\Content\Localization\ICU\icudt53l\ja_JP.res" 379
"..\..\..\Engine\Content\Localization\ICU\icudt53l\curr\ja_JP.res" 380
"..\..\..\Engine\Content\Localization\ICU\icudt53l\coll\ko.res" 381
"..\..\..\Engine\Content\Localization\ICU\icudt53l\ko.res" 382
"..\..\..\Engine\Content\Localization\ICU\icudt53l\curr\ko.res" 383
"..\..\..\Engine\Content\Localization\ICU\icudt53l\ko_KR.res" 384
"..\..\..\Engine\Content\Localization\ICU\icudt53l\ko_KP.res" 385
"..\..\..\Engine\Content\Localization\ICU\icudt53l\coll\leet.res" 386
"..\..\..\Engine\Content\Localization\ICU\icudt53l\leet.res" 387
"..\..\..\Engine\Content\Localization\ICU\icudt53l\curr\leet.res" 388
"..\..\..\Engine\Content\Localization\ICU\icudt53l\coll\pl.res" 389
"..\..\..\Engine\Content\Localization\ICU\icudt53l\pl.res" 390
"..\..\..\Engine\Content\Localization\ICU\icudt53l\curr\pl.res" 391
"..\..\..\Engine\Content\Localization\ICU\icudt53l\pl_PL.res" 392
"..\..\..\Engine\Content\Localization\ICU\icudt53l\coll\pt.res" 393
"..\..\..\Engine\Content\Localization\ICU\icudt53l\pt.res" 394
"..\..\..\Engine\Content\Localization\ICU\icudt53l\curr\pt.res" 395
"..\..\..\Engine\Content\Localization\ICU\icudt53l\pt_BR.res" 396
"..\..\..\Engine\Content\Localization\ICU\icudt53l\pt_AO.res" 397
"..\..\..\Engine\Content\Localization\ICU\icudt53l\pt_PT.res" 398
"..\..\..\Engine\Content\Localization\ICU\icudt53l\curr\pt_AO.res" 399
"..\..\..\Engine\Content\Localization\ICU\icudt53l\curr\pt_PT.res" 400
"..\..\..\Engine\Content\Localization\ICU\icudt53l\pt_CV.res" 401
"..\..\..\Engine\Content\Localization\ICU\icudt53l\curr\pt_CV.res" 402
"..\..\..\Engine\Content\Localization\ICU\icudt53l\pt_GW.res" 403
"..\..\..\Engine\Content\Localization\ICU\icudt53l\curr\pt_GW.res" 404
"..\..\..\Engine\Content\Localization\ICU\icudt53l\pt_MO.res" 405
"..\..\..\Engine\Content\Localization\ICU\icudt53l\curr\pt_MO.res" 406
"..\..\..\Engine\Content\Localization\ICU\icudt53l\pt_MZ.res" 407
"..\..\..\Engine\Content\Localization\ICU\icudt53l\curr\pt_MZ.res" 408
"..\..\..\Engine\Content\Localization\ICU\icudt53l\pt_ST.res" 409
"..\..\..\Engine\Content\Localization\ICU\icudt53l\curr\pt_ST.res" 410
"..\..\..\Engine\Content\Localization\ICU\icudt53l\pt_TL.res" 411
"..\..\..\Engine\Content\Localization\ICU\icudt53l\curr\pt_TL.res" 412
"..\..\..\Engine\Content\Localization\ICU\icudt53l\coll\ru.res" 413
"..\..\..\Engine\Content\Localization\ICU\icudt53l\ru.res" 414
"..\..\..\Engine\Content\Localization\ICU\icudt53l\curr\ru.res" 415
"..\..\..\Engine\Content\Localization\ICU\icudt53l\ru_RU.res" 416
"..\..\..\Engine\Content\Localization\ICU\icudt53l\ru_BY.res" 417
"..\..\..\Engine\Content\Localization\ICU\icudt53l\curr\ru_BY.res" 418
"..\..\..\Engine\Content\Localization\ICU\icudt53l\ru_KG.res" 419
"..\..\..\Engine\Content\Localization\ICU\icudt53l\curr\ru_KG.res" 420
"..\..\..\Engine\Content\Localization\ICU\icudt53l\ru_KZ.res" 421
"..\..\..\Engine\Content\Localization\ICU\icudt53l\curr\ru_KZ.res" 422
"..\..\..\Engine\Content\Localization\ICU\icudt53l\ru_MD.res" 423
"..\..\..\Engine\Content\Localization\ICU\icudt53l\curr\ru_MD.res" 424
"..\..\..\Engine\Content\Localization\ICU\icudt53l\ru_UA.res" 425
"..\..\..\Engine\Content\Localization\ICU\icudt53l\coll\sv.res" 426
"..\..\..\Engine\Content\Localization\ICU\icudt53l\sv.res" 427
"..\..\..\Engine\Content\Localization\ICU\icudt53l\curr\sv.res" 428
"..\..\..\Engine\Content\Localization\ICU\icudt53l\sv_SE.res" 429
"..\..\..\Engine\Content\Localization\ICU\icudt53l\sv_AX.res" 430
"..\..\..\Engine\Content\Localization\ICU\icudt53l\sv_FI.res" 431
"..\..\..\Engine\Content\Localization\ICU\icudt53l\coll\zh.res" 432
"..\..\..\Engine\Content\Localization\ICU\icudt53l\zh.res" 433
"..\..\..\Engine\Content\Localization\ICU\icudt53l\curr\zh.res" 434
"..\..\..\Engine\Content\Localization\ICU\icudt53l\zh_CN.res" 435
"..\..\..\Engine\Content\Localization\ICU\icudt53l\zh_Hans_CN.res" 436
"..\..\..\Engine\Content\Localization\ICU\icudt53l\zh_Hans.res" 437
"..\..\..\Engine\Content\Localization\ICU\icudt53l\coll\zh_Hans.res" 438
"..\..\..\Engine\Content\Localization\ICU\icudt53l\curr\zh_Hans.res" 439
"..\..\..\Engine\Content\Localization\ICU\icudt53l\coll\zh_Hans_CN.res" 440
"..\..\..\Engine\Content\Localization\ICU\icudt53l\curr\zh_Hans_CN.res" 441
"..\..\..\Engine\Content\Localization\ICU\icudt53l\zh_Hans_HK.res" 442
"..\..\..\Engine\Content\Localization\ICU\icudt53l\curr\zh_Hans_HK.res" 443
"..\..\..\Engine\Content\Localization\ICU\icudt53l\zh_Hans_MO.res" 444
"..\..\..\Engine\Content\Localization\ICU\icudt53l\curr\zh_Hans_MO.res" 445
"..\..\..\Engine\Content\Localization\ICU\icudt53l\coll\zh_Hans_SG.res" 446
"..\..\..\Engine\Content\Localization\ICU\icudt53l\zh_Hans_SG.res" 447
"..\..\..\Engine\Content\Localization\ICU\icudt53l\curr\zh_Hans_SG.res" 448
"..\..\..\Engine\Content\Localization\ICU\icudt53l\zh_SG.res" 449
"..\..\..\Engine\Content\Localization\ICU\icudt53l\coll\zh_Hant.res" 450
"..\..\..\Engine\Content\Localization\ICU\icudt53l\zh_Hant.res" 451
"..\..\..\Engine\Content\Localization\ICU\icudt53l\curr\zh_Hant.res" 452
"..\..\..\Engine\Content\Localization\ICU\icudt53l\zh_TW.res" 453
"..\..\..\Engine\Content\Localization\ICU\icudt53l\zh_Hant_TW.res" 454
"..\..\..\Engine\Content\Localization\ICU\icudt53l\coll\zh_Hant_HK.res" 455
"..\..\..\Engine\Content\Localization\ICU\icudt53l\zh_Hant_HK.res" 456
"..\..\..\Engine\Content\Localization\ICU\icudt53l\curr\zh_Hant_HK.res" 457
"..\..\..\Engine\Content\Localization\ICU\icudt53l\zh_HK.res" 458
"..\..\..\Engine\Content\Localization\ICU\icudt53l\coll\zh_Hant_MO.res" 459
"..\..\..\Engine\Content\Localization\ICU\icudt53l\zh_Hant_MO.res" 460
"..\..\..\Engine\Content\Localization\ICU\icudt53l\curr\zh_Hant_MO.res" 461
"..\..\..\Engine\Content\Localization\ICU\icudt53l\zh_MO.res" 462
"..\..\..\Engine\Content\Localization\ICU\icudt53l\coll\zh_Hant_TW.res" 463
"..\..\..\Engine\Content\Localization\ICU\icudt53l\curr\zh_Hant_TW.res" 464
"../../../Engine/Config/Base.ini" 465
"../../../Engine/Config/BaseEngine.ini" 466
"../../../../../../Users/dschrag/Documents/Unreal Projects/KillerPlatform-master/Config/DefaultEngine.ini" 467
"../../../Engine/Config/Windows/WindowsEngine.ini" 468
"C:/Users/dschrag/Documents/Unreal Projects/KillerPlatform-master/Saved/Config/Windows/Engine.ini" 469
"../../../../../../Users/dschrag/Documents/Unreal Projects/KillerPlatform-master/Saved/Config/CleanSourceConfigs/Engine.ini" 470
"../../../Engine/Config/BaseGame.ini" 471
"../../../../../../Users/dschrag/Documents/Unreal Projects/KillerPlatform-master/Config/DefaultGame.ini" 472
"C:/Users/dschrag/Documents/Unreal Projects/KillerPlatform-master/Saved/Config/Windows/Game.ini" 473
"../../../../../../Users/dschrag/Documents/Unreal Projects/KillerPlatform-master/Saved/Config/CleanSourceConfigs/Game.ini" 474
"../../../Engine/Config/BaseInput.ini" 475
"../../../../../../Users/dschrag/Documents/Unreal Projects/KillerPlatform-master/Config/DefaultInput.ini" 476
"C:/Users/dschrag/Documents/Unreal Projects/KillerPlatform-master/Saved/Config/Windows/Input.ini" 477
"../../../../../../Users/dschrag/Documents/Unreal Projects/KillerPlatform-master/Saved/Config/CleanSourceConfigs/Input.ini" 478
"../../../Engine/Config/BaseEditor.ini" 479
"../../../../../../Users/dschrag/Documents/Unreal Projects/KillerPlatform-master/Config/DefaultEditor.ini" 480
"C:/Users/dschrag/Documents/Unreal Projects/KillerPlatform-master/Saved/Config/Windows/Editor.ini" 481
"../../../../../../Users/dschrag/Documents/Unreal Projects/KillerPlatform-master/Saved/Config/CleanSourceConfigs/Editor.ini" 482
"../../../Engine/Config/BaseEditorLayout.ini" 483
"C:/Users/dschrag/Documents/Unreal Projects/KillerPlatform-master/Saved/Config/Windows/EditorLayout.ini" 484
"../../../../../../Users/dschrag/Documents/Unreal Projects/KillerPlatform-master/Saved/Config/CleanSourceConfigs/EditorLayout.ini" 485
"../../../Engine/Config/BaseEditorUserSettings.ini" 486
"C:/Users/dschrag/Documents/Unreal Projects/KillerPlatform-master/Saved/Config/Windows/EditorUserSettings.ini" 487
"../../../../../../Users/dschrag/Documents/Unreal Projects/KillerPlatform-master/Saved/Config/CleanSourceConfigs/EditorUserSettings.ini" 488
"../../../Engine/Config/BaseEditorKeyBindings.ini" 489
"C:/Users/dschrag/Documents/Unreal Projects/KillerPlatform-master/Saved/Config/Windows/EditorKeyBindings.ini" 490
"../../../../../../Users/dschrag/Documents/Unreal Projects/KillerPlatform-master/Saved/Config/CleanSourceConfigs/EditorKeyBindings.ini" 491
"../../../Engine/Config/BaseCompat.ini" 492
"C:/Users/dschrag/Documents/Unreal Projects/KillerPlatform-master/Saved/Config/Windows/Compat.ini" 493
"../../../../../../Users/dschrag/Documents/Unreal Projects/KillerPlatform-master/Saved/Config/CleanSourceConfigs/Compat.ini" 494
"../../../Engine/Config/BaseLightmass.ini" 495
"C:/Users/dschrag/Documents/Unreal Projects/KillerPlatform-master/Saved/Config/Windows/Lightmass.ini" 496
"../../../../../../Users/dschrag/Documents/Unreal Projects/KillerPlatform-master/Saved/Config/CleanSourceConfigs/Lightmass.ini" 497
"../../../Engine/Config/BaseScalability.ini" 498
"C:/Users/dschrag/Documents/Unreal Projects/KillerPlatform-master/Saved/Config/Windows/Scalability.ini" 499
"../../../../../../Users/dschrag/Documents/Unreal Projects/KillerPlatform-master/Saved/Config/CleanSourceConfigs/Scalability.ini" 500
"C:/Users/dschrag/Documents/Unreal Projects/KillerPlatform-master/Saved/Config/Windows/GameUserSettings.ini" 501
"../../../../../../Users/dschrag/Documents/Unreal Projects/KillerPlatform-master/Saved/Config/CleanSourceConfigs/GameUserSettings.ini" 502
"../../../Engine/Config/BaseDeviceProfiles.ini" 503
"C:/Users/dschrag/Documents/Unreal Projects/KillerPlatform-master/Saved/Config/Windows/DeviceProfiles.ini" 504
"../../../../../../Users/dschrag/Documents/Unreal Projects/KillerPlatform-master/Saved/Config/CleanSourceConfigs/DeviceProfiles.ini" 505
"../../../Engine/Config/ConsoleVariables.ini" 506
"C:/Program Files/Unreal Engine/4.4/Engine/Content/Localization/Editor/en/Editor.locres" 507
"C:/Program Files/Unreal Engine/4.4/Engine/Content/Localization/Engine/en/Engine.locres" 508
"C:/Program Files/Unreal Engine/4.4/Engine/Binaries/Win64/../../../Engine/Shaders/ParticleSpriteVertexFactory.usf" 509
"C:/Program Files/Unreal Engine/4.4/Engine/Binaries/Win64/../../../Engine/Shaders/VertexFactoryCommon.usf" 510
"C:/Program Files/Unreal Engine/4.4/Engine/Binaries/Win64/../../../Engine/Shaders/Common.usf" 511
"C:/Program Files/Unreal Engine/4.4/Engine/Binaries/Win64/../../../Engine/Shaders/ShaderVersion.usf" 512
"C:/Program Files/Unreal Engine/4.4/Engine/Binaries/Win64/../../../Engine/Shaders/Definitions.usf" 513
"C:/Program Files/Unreal Engine/4.4/Engine/Binaries/Win64/../../../Engine/Shaders/Random.usf" 514
"C:/Program Files/Unreal Engine/4.4/Engine/Binaries/Win64/../../../Engine/Shaders/ParticleVertexFactoryCommon.usf" 515
"C:/Program Files/Unreal Engine/4.4/Engine/Binaries/Win64/../../../Engine/Shaders/ParticleGPUSpriteVertexFactory.usf" 516
"C:/Program Files/Unreal Engine/4.4/Engine/Binaries/Win64/../../../Engine/Shaders/ParticleBeamTrailVertexFactory.usf" 517
"C:/Program Files/Unreal Engine/4.4/Engine/Binaries/Win64/../../../Engine/Shaders/LandscapeVertexFactory.usf" 518
"C:/Program Files/Unreal Engine/4.4/Engine/Binaries/Win64/../../../Engine/Shaders/VectorFieldVisualizationVertexFactory.usf" 519
"C:/Program Files/Unreal Engine/4.4/Engine/Binaries/Win64/../../../Engine/Shaders/LocalVertexFactory.usf" 520
"C:/Program Files/Unreal Engine/4.4/Engine/Binaries/Win64/../../../Engine/Shaders/LocalVertexFactoryCommon.usf" 521
"C:/Program Files/Unreal Engine/4.4/Engine/Binaries/Win64/../../../Engine/Shaders/MeshParticleVertexFactory.usf" 522
"C:/Program Files/Unreal Engine/4.4/Engine/Binaries/Win64/../../../Engine/Shaders/GpuSkinVertexFactory.usf" 523
"C:/Program Files/Unreal Engine/4.4/Engine/Binaries/Win64/../../../Engine/Shaders/GpuSkinCacheCommon.usf" 524
"C:/Program Files/Unreal Engine/4.4/Engine/Binaries/Win64/../../../Engine/Shaders/OneColorShader.usf" 525
"C:/Program Files/Unreal Engine/4.4/Engine/Binaries/Win64/../../../Engine/Shaders/ResolveVertexShader.usf" 526
"C:/Program Files/Unreal Engine/4.4/Engine/Binaries/Win64/../../../Engine/Shaders/ResolvePixelShader.usf" 527
"C:/Program Files/Unreal Engine/4.4/Engine/Binaries/Win64/../../../Engine/Shaders/SlateElementPixelShader.usf" 528
"C:/Program Files/Unreal Engine/4.4/Engine/Binaries/Win64/../../../Engine/Shaders/MaterialTemplate.usf" 529
"C:/Program Files/Unreal Engine/4.4/Engine/Binaries/Win64/../../../Engine/Shaders/DepthOfFieldCommon.usf" 530
"C:/Program Files/Unreal Engine/4.4/Engine/Binaries/Win64/../../../Engine/Shaders/SpeedTreeCommon.usf" 531
"C:/Program Files/Unreal Engine/4.4/Engine/Binaries/Win64/../../../Engine/Shaders/AtmosphereCommon.usf" 532
"C:/Program Files/Unreal Engine/4.4/Engine/Binaries/Win64/../../../Engine/Shaders/PostProcessCommon.usf" 533
"C:/Program Files/Unreal Engine/4.4/Engine/Binaries/Win64/../../../Engine/Shaders/DeferredShadingCommon.usf" 534
"C:/Program Files/Unreal Engine/4.4/Engine/Binaries/Win64/../../../Engine/Shaders/LightAccumulator.usf" 535
"C:/Program Files/Unreal Engine/4.4/Engine/Binaries/Win64/../../../Engine/Shaders/SlateVertexShader.usf" 536
"C:/Program Files/Unreal Engine/4.4/Engine/Binaries/Win64/../../../Engine/Shaders/VisualizeTexture.usf" 537
"C:/Program Files/Unreal Engine/4.4/Engine/Binaries/Win64/../../../Engine/Shaders/ScreenSpaceReflections.usf" 538
"C:/Program Files/Unreal Engine/4.4/Engine/Binaries/Win64/../../../Engine/Shaders/BRDF.usf" 539
"C:/Program Files/Unreal Engine/4.4/Engine/Binaries/Win64/../../../Engine/Shaders/MonteCarlo.usf" 540
"C:/Program Files/Unreal Engine/4.4/Engine/Binaries/Win64/../../../Engine/Shaders/FilterVertexShader.usf" 541
"C:/Program Files/Unreal Engine/4.4/Engine/Binaries/Win64/../../../Engine/Shaders/FilterPixelShader.usf" 542
"C:/Program Files/Unreal Engine/4.4/Engine/Binaries/Win64/../../../Engine/Shaders/PostProcessVisualizeHDR.usf" 543
"C:/Program Files/Unreal Engine/4.4/Engine/Binaries/Win64/../../../Engine/Shaders/PostProcessHistogramCommon.usf" 544
"C:/Program Files/Unreal Engine/4.4/Engine/Binaries/Win64/../../../Engine/Shaders/TonemapCommon.usf" 545
"C:/Program Files/Unreal Engine/4.4/Engine/Binaries/Win64/../../../Engine/Shaders/PostProcessVisualizeBuffer.usf" 546
"C:/Program Files/Unreal Engine/4.4/Engine/Binaries/Win64/../../../Engine/Shaders/PostProcessUpscale.usf" 547
"C:/Program Files/Unreal Engine/4.4/Engine/Binaries/Win64/../../../Engine/Shaders/PostProcessUIBlur.usf" 548
"C:/Program Files/Unreal Engine/4.4/Engine/Binaries/Win64/../../../Engine/Shaders/PostProcessTonemap.usf" 549
"C:/Program Files/Unreal Engine/4.4/Engine/Binaries/Win64/../../../Engine/Shaders/PostProcessTestImage.usf" 550
"C:/Program Files/Unreal Engine/4.4/Engine/Binaries/Win64/../../../Engine/Shaders/PostProcessTemporalAA.usf" 551
"C:/Program Files/Unreal Engine/4.4/Engine/Binaries/Win64/../../../Engine/Shaders/PostProcessTemporalCommon.usf" 552
"C:/Program Files/Unreal Engine/4.4/Engine/Binaries/Win64/../../../Engine/Shaders/PostProcessSubsurface.usf" 553
"C:/Program Files/Unreal Engine/4.4/Engine/Binaries/Win64/../../../Engine/Shaders/SeparableSSS.usf" 554
"C:/Program Files/Unreal Engine/4.4/Engine/Binaries/Win64/../../../Engine/Shaders/PostProcessSelectionOutline.usf" 555
"C:/Program Files/Unreal Engine/4.4/Engine/Binaries/Win64/../../../Engine/Shaders/PostProcessSceneColorFringe.usf" 556
"C:/Program Files/Unreal Engine/4.4/Engine/Binaries/Win64/../../../Engine/Shaders/PostProcessNoiseBlur.usf" 557
"C:/Program Files/Unreal Engine/4.4/Engine/Binaries/Win64/../../../Engine/Shaders/PostProcessMotionBlur.usf" 558
"C:/Program Files/Unreal Engine/4.4/Engine/Binaries/Win64/../../../Engine/Shaders/MorpheusInclude.usf" 559
"C:/Program Files/Unreal Engine/4.4/Engine/Binaries/Win64/../../../Engine/Shaders/PostProcessMobile.usf" 560
"C:/Program Files/Unreal Engine/4.4/Engine/Binaries/Win64/../../../Engine/Shaders/PostProcessMaterialShaders.usf" 561
"C:/Program Files/Unreal Engine/4.4/Engine/Binaries/Win64/../../../Engine/Shaders/PostProcessLensFlares.usf" 562
"C:/Program Files/Unreal Engine/4.4/Engine/Binaries/Win64/../../../Engine/Shaders/PostProcessLensBlur.usf" 563
"C:/Program Files/Unreal Engine/4.4/Engine/Binaries/Win64/../../../Engine/Shaders/PostProcessBloom.usf" 564
"C:/Program Files/Unreal Engine/4.4/Engine/Binaries/Win64/../../../Engine/Shaders/PostProcessHMD.usf" 565
"C:/Program Files/Unreal Engine/4.4/Engine/Binaries/Win64/../../../Engine/Shaders/PostProcessHistogramReduce.usf" 566
"C:/Program Files/Unreal Engine/4.4/Engine/Binaries/Win64/../../../Engine/Shaders/PostProcessHistogram.usf" 567
"C:/Program Files/Unreal Engine/4.4/Engine/Binaries/Win64/../../../Engine/Shaders/PostProcessGBufferHints.usf" 568
"C:/Program Files/Unreal Engine/4.4/Engine/Binaries/Win64/../../../Engine/Shaders/PostProcessEyeAdaptation.usf" 569
"C:/Program Files/Unreal Engine/4.4/Engine/Binaries/Win64/../../../Engine/Shaders/PostProcessDownsample.usf" 570
"C:/Program Files/Unreal Engine/4.4/Engine/Binaries/Win64/../../../Engine/Shaders/PostProcessDOF.usf" 571
"C:/Program Files/Unreal Engine/4.4/Engine/Binaries/Win64/../../../Engine/Shaders/PostProcessCompositeEditorPrimitives.usf" 572
"C:/Program Files/Unreal Engine/4.4/Engine/Binaries/Win64/../../../Engine/Shaders/PostProcessCombineLUTs.usf" 573
"C:/Program Files/Unreal Engine/4.4/Engine/Binaries/Win64/../../../Engine/Shaders/PostProcessBusyWait.usf" 574
"C:/Program Files/Unreal Engine/4.4/Engine/Binaries/Win64/../../../Engine/Shaders/PostProcessBokehDOF.usf" 575
"C:/Program Files/Unreal Engine/4.4/Engine/Binaries/Win64/../../../Engine/Shaders/FXAAShader.usf" 576
"C:/Program Files/Unreal Engine/4.4/Engine/Binaries/Win64/../../../Engine/Shaders/Fxaa3_11.usf" 577
"C:/Program Files/Unreal Engine/4.4/Engine/Binaries/Win64/../../../Engine/Shaders/PostProcessPassThrough.usf" 578
"C:/Program Files/Unreal Engine/4.4/Engine/Binaries/Win64/../../../Engine/Shaders/PostProcessLpvIndirect.usf" 579
"C:/Program Files/Unreal Engine/4.4/Engine/Binaries/Win64/../../../Engine/Shaders/DeferredLightingCommon.usf" 580
"C:/Program Files/Unreal Engine/4.4/Engine/Binaries/Win64/../../../Engine/Shaders/DynamicLightingCommon.usf" 581
"C:/Program Files/Unreal Engine/4.4/Engine/Binaries/Win64/../../../Engine/Shaders/IESLightProfilesCommon.usf" 582
"C:/Program Files/Unreal Engine/4.4/Engine/Binaries/Win64/../../../Engine/Shaders/LPVFinalPass.usf" 583
"C:/Program Files/Unreal Engine/4.4/Engine/Binaries/Win64/../../../Engine/Shaders/LPVCommon.usf" 584
"C:/Program Files/Unreal Engine/4.4/Engine/Binaries/Win64/../../../Engine/Shaders/DeferredDecal.usf" 585
"C:/Program Files/Unreal Engine/4.4/Engine/Binaries/Win64/../../../Engine/Shaders/PostProcessAmbientOcclusion.usf" 586
"C:/Program Files/Unreal Engine/4.4/Engine/Binaries/Win64/../../../Engine/Shaders/PostProcessAmbient.usf" 587
"C:/Program Files/Unreal Engine/4.4/Engine/Binaries/Win64/../../../Engine/Shaders/CubemapCommon.usf" 588
"C:/Program Files/Unreal Engine/4.4/Engine/Binaries/Win64/../../../Engine/Shaders/VelocityShader.usf" 589
"C:/Program Files/Unreal Engine/4.4/Engine/Binaries/Win64/../../../Engine/Shaders/Tessellation.usf" 590
"C:/Program Files/Unreal Engine/4.4/Engine/Binaries/Win64/../../../Engine/Shaders/FlatTessellation.usf" 591
"C:/Program Files/Unreal Engine/4.4/Engine/Binaries/Win64/../../../Engine/Shaders/PNTriangles.usf" 592
"C:/Program Files/Unreal Engine/4.4/Engine/Binaries/Win64/../../../Engine/Shaders/TranslucentLightingShaders.usf" 593
"C:/Program Files/Unreal Engine/4.4/Engine/Binaries/Win64/../../../Engine/Shaders/SHCommon.usf" 594
"C:/Program Files/Unreal Engine/4.4/Engine/Binaries/Win64/../../../Engine/Shaders/ShadowProjectionCommon.usf" 595
"C:/Program Files/Unreal Engine/4.4/Engine/Binaries/Win64/../../../Engine/Shaders/TranslucentLightInjectionShaders.usf" 596
"C:/Program Files/Unreal Engine/4.4/Engine/Binaries/Win64/../../../Engine/Shaders/LightFunctionCommon.usf" 597
"C:/Program Files/Unreal Engine/4.4/Engine/Binaries/Win64/../../../Engine/Shaders/TranslucentShadowDepthShaders.usf" 598
"C:/Program Files/Unreal Engine/4.4/Engine/Binaries/Win64/../../../Engine/Shaders/ShadowDepthCommon.usf" 599
"C:/Program Files/Unreal Engine/4.4/Engine/Binaries/Win64/../../../Engine/Shaders/TiledDeferredLightShaders.usf" 600
"C:/Program Files/Unreal Engine/4.4/Engine/Binaries/Win64/../../../Engine/Shaders/ShadowProjectionPixelShader.usf" 601
"C:/Program Files/Unreal Engine/4.4/Engine/Binaries/Win64/../../../Engine/Shaders/ShadowProjectionVertexShader.usf" 602
"C:/Program Files/Unreal Engine/4.4/Engine/Binaries/Win64/../../../Engine/Shaders/ShadowDepthPixelShader.usf" 603
"C:/Program Files/Unreal Engine/4.4/Engine/Binaries/Win64/../../../Engine/Shaders/LPVWriteVplCommon.usf" 604
"C:/Program Files/Unreal Engine/4.4/Engine/Binaries/Win64/../../../Engine/Shaders/LPVWriteCommon.usf" 605
"C:/Program Files/Unreal Engine/4.4/Engine/Binaries/Win64/../../../Engine/Shaders/ShadowDepthVertexShader.usf" 606
"C:/Program Files/Unreal Engine/4.4/Engine/Binaries/Win64/../../../Engine/Shaders/ShaderComplexityApplyPixelShader.usf" 607
"C:/Program Files/Unreal Engine/4.4/Engine/Binaries/Win64/../../../Engine/Shaders/ShaderComplexityApplyVertexShader.usf" 608
"C:/Program Files/Unreal Engine/4.4/Engine/Binaries/Win64/../../../Engine/Shaders/ShaderComplexityAccumulatePixelShader.usf" 609
"C:/Program Files/Unreal Engine/4.4/Engine/Binaries/Win64/../../../Engine/Shaders/GammaCorrection.usf" 610
"C:/Program Files/Unreal Engine/4.4/Engine/Binaries/Win64/../../../Engine/Shaders/HZBOcclusion.usf" 611
"C:/Program Files/Unreal Engine/4.4/Engine/Binaries/Win64/../../../Engine/Shaders/OcclusionQueryVertexShader.usf" 612
"C:/Program Files/Unreal Engine/4.4/Engine/Binaries/Win64/../../../Engine/Shaders/HitProxyPixelShader.usf" 613
"C:/Program Files/Unreal Engine/4.4/Engine/Binaries/Win64/../../../Engine/Shaders/HitProxyVertexShader.usf" 614
"C:/Program Files/Unreal Engine/4.4/Engine/Binaries/Win64/../../../Engine/Shaders/ReflectionEnvironmentShaders.usf" 615
"C:/Program Files/Unreal Engine/4.4/Engine/Binaries/Win64/../../../Engine/Shaders/ReflectionEnvironmentShared.usf" 616
"C:/Program Files/Unreal Engine/4.4/Engine/Binaries/Win64/../../../Engine/Shaders/ReflectionEnvironmentComputeShaders.usf" 617
"C:/Program Files/Unreal Engine/4.4/Engine/Binaries/Win64/../../../Engine/Shaders/LightShaftShader.usf" 618
"C:/Program Files/Unreal Engine/4.4/Engine/Binaries/Win64/../../../Engine/Shaders/StationaryLightOverlapShaders.usf" 619
"C:/Program Files/Unreal Engine/4.4/Engine/Binaries/Win64/../../../Engine/Shaders/DeferredLightPixelShaders.usf" 620
"C:/Program Files/Unreal Engine/4.4/Engine/Binaries/Win64/../../../Engine/Shaders/DeferredLightVertexShaders.usf" 621
"C:/Program Files/Unreal Engine/4.4/Engine/Binaries/Win64/../../../Engine/Shaders/LPVVisualise.usf" 622
"C:/Program Files/Unreal Engine/4.4/Engine/Binaries/Win64/../../../Engine/Shaders/LPVGeometryVolumeCommon.usf" 623
"C:/Program Files/Unreal Engine/4.4/Engine/Binaries/Win64/../../../Engine/Shaders/LPVDirectLightInject.usf" 624
"C:/Program Files/Unreal Engine/4.4/Engine/Binaries/Win64/../../../Engine/Shaders/LPVPropagate.usf" 625
"C:/Program Files/Unreal Engine/4.4/Engine/Binaries/Win64/../../../Engine/Shaders/LPVBuildGeometryVolume.usf" 626
"C:/Program Files/Unreal Engine/4.4/Engine/Binaries/Win64/../../../Engine/Shaders/LPVInject_AccumulateVplLists.usf" 627
"C:/Program Files/Unreal Engine/4.4/Engine/Binaries/Win64/../../../Engine/Shaders/LPVInject_GenerateVplLists.usf" 628
"C:/Program Files/Unreal Engine/4.4/Engine/Binaries/Win64/../../../Engine/Shaders/LPVClearLists.usf" 629
"C:/Program Files/Unreal Engine/4.4/Engine/Binaries/Win64/../../../Engine/Shaders/LPVClear.usf" 630
"C:/Program Files/Unreal Engine/4.4/Engine/Binaries/Win64/../../../Engine/Shaders/LightMapDensityShader.usf" 631
"C:/Program Files/Unreal Engine/4.4/Engine/Binaries/Win64/../../../Engine/Shaders/LightFunctionPixelShader.usf" 632
"C:/Program Files/Unreal Engine/4.4/Engine/Binaries/Win64/../../../Engine/Shaders/LightFunctionVertexShader.usf" 633
"C:/Program Files/Unreal Engine/4.4/Engine/Binaries/Win64/../../../Engine/Shaders/GPUBenchmark.usf" 634
"C:/Program Files/Unreal Engine/4.4/Engine/Binaries/Win64/../../../Engine/Shaders/BasePassForForwardShadingPixelShader.usf" 635
"C:/Program Files/Unreal Engine/4.4/Engine/Binaries/Win64/../../../Engine/Shaders/BasePassForForwardShadingCommon.usf" 636
"C:/Program Files/Unreal Engine/4.4/Engine/Binaries/Win64/../../../Engine/Shaders/LightmapCommon.usf" 637
"C:/Program Files/Unreal Engine/4.4/Engine/Binaries/Win64/../../../Engine/Shaders/BasePassForForwardShadingVertexShader.usf" 638
"C:/Program Files/Unreal Engine/4.4/Engine/Binaries/Win64/../../../Engine/Shaders/HeightFogCommon.usf" 639
"C:/Program Files/Unreal Engine/4.4/Engine/Binaries/Win64/../../../Engine/Shaders/HeightFogPixelShader.usf" 640
"C:/Program Files/Unreal Engine/4.4/Engine/Binaries/Win64/../../../Engine/Shaders/HeightFogVertexShader.usf" 641
"C:/Program Files/Unreal Engine/4.4/Engine/Binaries/Win64/../../../Engine/Shaders/DistortAccumulatePS.usf" 642
"C:/Program Files/Unreal Engine/4.4/Engine/Binaries/Win64/../../../Engine/Shaders/DistortAccumulateVS.usf" 643
"C:/Program Files/Unreal Engine/4.4/Engine/Binaries/Win64/../../../Engine/Shaders/DistortApplyScreenPS.usf" 644
"C:/Program Files/Unreal Engine/4.4/Engine/Binaries/Win64/../../../Engine/Shaders/SkyLighting.usf" 645
"C:/Program Files/Unreal Engine/4.4/Engine/Binaries/Win64/../../../Engine/Shaders/DistanceFieldSurfaceCacheLighting.usf" 646
"C:/Program Files/Unreal Engine/4.4/Engine/Binaries/Win64/../../../Engine/Shaders/DistanceFieldLightingShared.usf" 647
"C:/Program Files/Unreal Engine/4.4/Engine/Binaries/Win64/../../../Engine/Shaders/DistanceFieldSurfaceCacheLightingCompute.usf" 648
"C:/Program Files/Unreal Engine/4.4/Engine/Binaries/Win64/../../../Engine/Shaders/DepthOnlyPixelShader.usf" 649
"C:/Program Files/Unreal Engine/4.4/Engine/Binaries/Win64/../../../Engine/Shaders/DepthOnlyVertexShader.usf" 650
"C:/Program Files/Unreal Engine/4.4/Engine/Binaries/Win64/../../../Engine/Shaders/PositionOnlyDepthVertexShader.usf" 651
"C:/Program Files/Unreal Engine/4.4/Engine/Binaries/Win64/../../../Engine/Shaders/DownsampleDepthPixelShader.usf" 652
"C:/Program Files/Unreal Engine/4.4/Engine/Binaries/Win64/../../../Engine/Shaders/BasePassPixelShader.usf" 653
"C:/Program Files/Unreal Engine/4.4/Engine/Binaries/Win64/../../../Engine/Shaders/BasePassCommon.usf" 654
"C:/Program Files/Unreal Engine/4.4/Engine/Binaries/Win64/../../../Engine/Shaders/BasePassVertexShader.usf" 655
"C:/Program Files/Unreal Engine/4.4/Engine/Binaries/Win64/../../../Engine/Shaders/BasePassVertexCommon.usf" 656
"C:/Program Files/Unreal Engine/4.4/Engine/Binaries/Win64/../../../Engine/Shaders/BasePassTessellationShaders.usf" 657
"C:/Program Files/Unreal Engine/4.4/Engine/Binaries/Win64/../../../Engine/Shaders/AtmospherePrecompute.usf" 658
"C:/Program Files/Unreal Engine/4.4/Engine/Binaries/Win64/../../../Engine/Shaders/AtmospherePrecomputeCommon.usf" 659
"C:/Program Files/Unreal Engine/4.4/Engine/Binaries/Win64/../../../Engine/Shaders/AtmospherePrecomputeInscatter.usf" 660
"C:/Program Files/Unreal Engine/4.4/Engine/Binaries/Win64/../../../Engine/Shaders/AtmosphericFogShader.usf" 661
"C:/Program Files/Unreal Engine/4.4/Engine/Binaries/Win64/../../../Engine/Shaders/ParticleSortKeyGen.usf" 662
"C:/Program Files/Unreal Engine/4.4/Engine/Binaries/Win64/../../../Engine/Shaders/ParticleBoundsShader.usf" 663
"C:/Program Files/Unreal Engine/4.4/Engine/Binaries/Win64/../../../Engine/Shaders/ParticleSimVisualizeShader.usf" 664
"C:/Program Files/Unreal Engine/4.4/Engine/Binaries/Win64/../../../Engine/Shaders/ParticleInjectionShader.usf" 665
"C:/Program Files/Unreal Engine/4.4/Engine/Binaries/Win64/../../../Engine/Shaders/ParticleSimulationShader.usf" 666
"C:/Program Files/Unreal Engine/4.4/Engine/Binaries/Win64/../../../Engine/Shaders/ParticleCurveInjectionShader.usf" 667
"C:/Program Files/Unreal Engine/4.4/Engine/Binaries/Win64/../../../Engine/Shaders/VectorFieldCompositeShaders.usf" 668
"C:/Program Files/Unreal Engine/4.4/Engine/Binaries/Win64/../../../Engine/Shaders/UpdateTextureShaders.usf" 669
"C:/Program Files/Unreal Engine/4.4/Engine/Binaries/Win64/../../../Engine/Shaders/SimpleElementColorChannelMaskPixelShader.usf" 670
"C:/Program Files/Unreal Engine/4.4/Engine/Binaries/Win64/../../../Engine/Shaders/SimpleElementHitProxyPixelShader.usf" 671
"C:/Program Files/Unreal Engine/4.4/Engine/Binaries/Win64/../../../Engine/Shaders/SimpleElementPixelShader.usf" 672
"C:/Program Files/Unreal Engine/4.4/Engine/Binaries/Win64/../../../Engine/Shaders/ColorUtils.usf" 673
"C:/Program Files/Unreal Engine/4.4/Engine/Binaries/Win64/../../../Engine/Shaders/SimpleElementVertexShader.usf" 674
"C:/Program Files/Unreal Engine/4.4/Engine/Binaries/Win64/../../../Engine/Shaders/ScreenVertexShader.usf" 675
"C:/Program Files/Unreal Engine/4.4/Engine/Binaries/Win64/../../../Engine/Shaders/ScreenPixelShader.usf" 676
"C:/Program Files/Unreal Engine/4.4/Engine/Binaries/Win64/../../../Engine/Shaders/RadixSortShaders.usf" 677
"C:/Program Files/Unreal Engine/4.4/Engine/Binaries/Win64/../../../Engine/Shaders/GpuSkinCacheComputeShader.usf" 678
"C:/Program Files/Unreal Engine/4.4/Engine/Binaries/Win64/../../../Engine/Shaders/NullPixelShader.usf" 679
"C:/Program Files/Unreal Engine/4.4/Engine/Binaries/Win64/../../../Engine/Shaders/ClearReplacementShaders.usf" 680
"C:/Program Files/Unreal Engine/4.4/Engine/Binaries/Win64/../../../Engine/Shaders/SimpleElementTexture2DPreviewPixelShader.usf" 681
"C:/Program Files/Unreal Engine/4.4/Engine/Binaries/Win64/../../../Engine/Shaders/SimpleElementNormalMapPixelShader.usf" 682
"C:/Program Files/Unreal Engine/4.4/Engine/Binaries/Win64/../../../Engine/Shaders/meshpaintdilatepixelshader.usf" 683
"C:/Program Files/Unreal Engine/4.4/Engine/Binaries/Win64/../../../Engine/Shaders/meshpaintdilatevertexshader.usf" 684
"C:/Program Files/Unreal Engine/4.4/Engine/Binaries/Win64/../../../Engine/Shaders/MeshPaintPixelShader.usf" 685
"C:/Program Files/Unreal Engine/4.4/Engine/Binaries/Win64/../../../Engine/Shaders/MeshPaintVertexShader.usf" 686
